<?xml version="1.0" encoding="UTF-8" ?>
<testsuite tests="1" failures="0" name="com.mt.testrunner.TestRunner" time="0.594" errors="1" skipped="0">
  <properties>
[...]
</properties>
  <testcase classname="org.apache.maven.surefire.junit4.JUnit4Provider" name="com.mt.testrunner.TestRunner" time="0.594">
    <error message="org.junit.runner.Description.createSuiteDescription(Ljava/lang/String;Ljava/io/Serializable;[Ljava/lang/annotation/Annotation;)Lorg/junit/runner/Description;" type="java.lang.NoSuchMethodError">java.lang.NoSuchMethodError: org.junit.runner.Description.createSuiteDescription(Ljava/lang/String;Ljava/io/Serializable;[Ljava/lang/annotation/Annotation;)Lorg/junit/runner/Description;
	at cucumber.runtime.junit.FeatureRunner.getDescription(FeatureRunner.java:43)
	at cucumber.api.junit.Cucumber.describeChild(Cucumber.java:90)
	at cucumber.api.junit.Cucumber.describeChild(Cucumber.java:38)
	at org.junit.runners.ParentRunner.getDescription(ParentRunner.java:290)
	at org.junit.runners.ParentRunner.run(ParentRunner.java:296)
	at cucumber.api.junit.Cucumber.run(Cucumber.java:100)
	at org.apache.maven.surefire.junit4.JUnit4Provider.execute(JUnit4Provider.java:252)
	at org.apache.maven.surefire.junit4.JUnit4Provider.executeTestSet(JUnit4Provider.java:141)
	at org.apache.maven.surefire.junit4.JUnit4Provider.invoke(JUnit4Provider.java:112)
	at sun.reflect.NativeMethodAccessorImpl.invoke0(Native Method)
	at sun.reflect.NativeMethodAccessorImpl.invoke(Unknown Source)
	at sun.reflect.DelegatingMethodAccessorImpl.invoke(Unknown Source)
	at java.lang.reflect.Method.invoke(Unknown Source)
	at org.apache.maven.surefire.util.ReflectionUtils.invokeMethodWithArray(ReflectionUtils.java:189)
	at org.apache.maven.surefire.booter.ProviderFactory$ProviderProxy.invoke(ProviderFactory.java:165)
	at org.apache.maven.surefire.booter.ProviderFactory.invokeProvider(ProviderFactory.java:85)
	at org.apache.maven.surefire.booter.ForkedBooter.runSuitesInProcess(ForkedBooter.java:115)
	at org.apache.maven.surefire.booter.ForkedBooter.main(ForkedBooter.java:75)
</error>
  </testcase>
</testsuite>